<?xml version="1.0" encoding="UTF-8"?>
<!-- Generated by org.testng.reporters.JUnitReportReporter -->
<testsuite hostname="LAPTOP-MHE3B0OC" failures="0" tests="1" name="base.BaseTest" time="3.997" errors="0" timestamp="2021-08-20T15:28:40 IST" skipped="0">
  <testcase classname="base.BaseTest" name="test" time="3.997"/>
  <system-out/>
</testsuite> <!-- base.BaseTest -->
