<?xml version="1.0" encoding="UTF-8"?>
<!-- Generated by org.testng.reporters.JUnitReportReporter -->
<testsuite hostname="LAPTOP-MHE3B0OC" failures="0" tests="1" name="base.BaseTest" time="4.853" errors="0" timestamp="2021-08-20T15:02:10 IST" skipped="0">
  <testcase classname="base.BaseTest" name="test" time="4.853"/>
  <system-out/>
</testsuite> <!-- base.BaseTest -->
